2026-02-15 19:24:30.313 | INFO     | __main__:collect_baseline_data:23 - ================================================================================
2026-02-15 19:24:30.314 | INFO     | __main__:collect_baseline_data:24 - COLLECTING BASELINE DATA FOR TASK 3.14
2026-02-15 19:24:30.314 | INFO     | __main__:collect_baseline_data:25 - ================================================================================
2026-02-15 19:24:30.314 | INFO     | __main__:collect_baseline_data:40 - Symbols: ['BTC/USDT', 'ETH/USDT', 'BNB/USDT', 'SOL/USDT', 'XRP/USDT']
2026-02-15 19:24:30.314 | INFO     | __main__:collect_baseline_data:41 - Timeframes: ['5m', '1h']
2026-02-15 19:24:30.314 | INFO     | __main__:collect_baseline_data:42 - Date range: 2021-01-01 to 2024-12-31
2026-02-15 19:24:30.314 | INFO     | __main__:collect_baseline_data:43 - Total datasets: 5 × 2 = 10
2026-02-15 19:24:30.314 | ERROR    | __main__:<module>:131 - Data collection error: ExchangeConnector.__init__() got an unexpected keyword argument 'exchange_id'
Traceback (most recent call last):

> File "/Users/vishnuvardhanmedara/Moonshot-AutonomousAIMultiAgentCryptoBot/autonomous-trading-bot/collect_baseline_data.py", line 122, in <module>
    success = asyncio.run(collect_baseline_data())
              │       │   └ <function collect_baseline_data at 0x104bc73d0>
              │       └ <function run at 0x1053926c0>
              └ <module 'asyncio' from '/opt/homebrew/Cellar/python@3.14/3.14.0/Frameworks/Python.framework/Versions/3.14/lib/python3.14/asyn...

  File "/opt/homebrew/Cellar/python@3.14/3.14.0/Frameworks/Python.framework/Versions/3.14/lib/python3.14/asyncio/runners.py", line 204, in run
    return runner.run(main)
           │      │   └ <coroutine object collect_baseline_data at 0x105af9540>
           │      └ <function Runner.run at 0x105392ae0>
           └ <asyncio.runners.Runner object at 0x105b781a0>

  File "/opt/homebrew/Cellar/python@3.14/3.14.0/Frameworks/Python.framework/Versions/3.14/lib/python3.14/asyncio/runners.py", line 127, in run
    return self._loop.run_until_complete(task)
           │    │                        └ <Task finished name='Task-1' coro=<collect_baseline_data() done, defined at /Users/vishnuvardhanmedara/Moonshot-AutonomousAIM...
           │    └ None
           └ <asyncio.runners.Runner object at 0x105b781a0>

  File "/opt/homebrew/Cellar/python@3.14/3.14.0/Frameworks/Python.framework/Versions/3.14/lib/python3.14/asyncio/base_events.py", line 719, in run_until_complete
    return future.result()
           │      └ <method 'result' of '_asyncio.Task' objects>
           └ <Task finished name='Task-1' coro=<collect_baseline_data() done, defined at /Users/vishnuvardhanmedara/Moonshot-AutonomousAIM...

  File "/Users/vishnuvardhanmedara/Moonshot-AutonomousAIMultiAgentCryptoBot/autonomous-trading-bot/collect_baseline_data.py", line 46, in collect_baseline_data
    exchange = ExchangeConnector(exchange_id="binance", testnet=False)
               └ <class 'src.exchange_ccxt.ExchangeConnector'>

TypeError: ExchangeConnector.__init__() got an unexpected keyword argument 'exchange_id'
