2026-02-14 21:12:40.098 | ERROR | src.supabase_client:_insert:28 | Supabase insert failed (watcher_signals): {'message': "Could not find the table 'public.watcher_signals' in the schema cache", 'code': 'PGRST205', 'hint': None, 'details': None}
2026-02-14 21:12:40.193 | ERROR | src.supabase_client:_insert:28 | Supabase insert failed (watcher_signals): {'message': "Could not find the table 'public.watcher_signals' in the schema cache", 'code': 'PGRST205', 'hint': None, 'details': None}
2026-02-14 21:12:40.273 | ERROR | src.supabase_client:_insert:28 | Supabase insert failed (watcher_signals): {'message': "Could not find the table 'public.watcher_signals' in the schema cache", 'code': 'PGRST205', 'hint': None, 'details': None}
2026-02-14 21:12:40.357 | ERROR | src.supabase_client:_insert:28 | Supabase insert failed (watcher_signals): {'message': "Could not find the table 'public.watcher_signals' in the schema cache", 'code': 'PGRST205', 'hint': None, 'details': None}
2026-02-14 21:12:40.426 | ERROR | src.supabase_client:_insert:28 | Supabase insert failed (watcher_signals): {'message': "Could not find the table 'public.watcher_signals' in the schema cache", 'code': 'PGRST205', 'hint': None, 'details': None}
2026-02-14 21:12:40.508 | ERROR | src.supabase_client:_insert:28 | Supabase insert failed (watcher_signals): {'message': "Could not find the table 'public.watcher_signals' in the schema cache", 'code': 'PGRST205', 'hint': None, 'details': None}
2026-02-14 21:12:40.574 | ERROR | src.supabase_client:_insert:28 | Supabase insert failed (watcher_signals): {'message': "Could not find the table 'public.watcher_signals' in the schema cache", 'code': 'PGRST205', 'hint': None, 'details': None}
2026-02-14 21:12:40.646 | ERROR | src.supabase_client:_insert:28 | Supabase insert failed (watcher_signals): {'message': "Could not find the table 'public.watcher_signals' in the schema cache", 'code': 'PGRST205', 'hint': None, 'details': None}
2026-02-14 21:12:40.746 | ERROR | src.supabase_client:_insert:28 | Supabase insert failed (watcher_signals): {'message': "Could not find the table 'public.watcher_signals' in the schema cache", 'code': 'PGRST205', 'hint': None, 'details': None}
2026-02-14 21:12:40.866 | ERROR | src.supabase_client:_insert:28 | Supabase insert failed (watcher_signals): {'message': "Could not find the table 'public.watcher_signals' in the schema cache", 'code': 'PGRST205', 'hint': None, 'details': None}
2026-02-14 21:12:40.932 | ERROR | src.supabase_client:_insert:28 | Supabase insert failed (watcher_signals): {'message': "Could not find the table 'public.watcher_signals' in the schema cache", 'code': 'PGRST205', 'hint': None, 'details': None}
2026-02-14 21:12:40.982 | ERROR | src.supabase_client:_insert:28 | Supabase insert failed (watcher_signals): {'message': "Could not find the table 'public.watcher_signals' in the schema cache", 'code': 'PGRST205', 'hint': None, 'details': None}
2026-02-14 21:12:41.045 | ERROR | src.supabase_client:_insert:28 | Supabase insert failed (watcher_signals): {'message': "Could not find the table 'public.watcher_signals' in the schema cache", 'code': 'PGRST205', 'hint': None, 'details': None}
2026-02-14 21:12:41.109 | ERROR | src.supabase_client:_insert:28 | Supabase insert failed (watcher_signals): {'message': "Could not find the table 'public.watcher_signals' in the schema cache", 'code': 'PGRST205', 'hint': None, 'details': None}
2026-02-14 21:12:41.195 | ERROR | src.supabase_client:_insert:28 | Supabase insert failed (watcher_signals): {'message': "Could not find the table 'public.watcher_signals' in the schema cache", 'code': 'PGRST205', 'hint': None, 'details': None}
2026-02-14 21:12:41.254 | ERROR | src.supabase_client:_insert:28 | Supabase insert failed (watcher_signals): {'message': "Could not find the table 'public.watcher_signals' in the schema cache", 'code': 'PGRST205', 'hint': None, 'details': None}
2026-02-14 21:12:41.352 | ERROR | src.supabase_client:_insert:28 | Supabase insert failed (watcher_signals): {'message': "Could not find the table 'public.watcher_signals' in the schema cache", 'code': 'PGRST205', 'hint': None, 'details': None}
2026-02-14 21:12:41.413 | ERROR | src.supabase_client:_insert:28 | Supabase insert failed (watcher_signals): {'message': "Could not find the table 'public.watcher_signals' in the schema cache", 'code': 'PGRST205', 'hint': None, 'details': None}
2026-02-14 21:12:41.473 | ERROR | src.supabase_client:_insert:28 | Supabase insert failed (watcher_signals): {'message': "Could not find the table 'public.watcher_signals' in the schema cache", 'code': 'PGRST205', 'hint': None, 'details': None}
2026-02-14 21:12:41.527 | ERROR | src.supabase_client:_insert:28 | Supabase insert failed (watcher_signals): {'message': "Could not find the table 'public.watcher_signals' in the schema cache", 'code': 'PGRST205', 'hint': None, 'details': None}
2026-02-14 21:15:11.806 | ERROR | src.supabase_client:_insert:28 | Supabase insert failed (watcher_signals): {'message': "Could not find the table 'public.watcher_signals' in the schema cache", 'code': 'PGRST205', 'hint': None, 'details': None}
2026-02-14 21:15:14.484 | ERROR | src.supabase_client:_insert:28 | Supabase insert failed (watcher_signals): {'message': "Could not find the table 'public.watcher_signals' in the schema cache", 'code': 'PGRST205', 'hint': None, 'details': None}
2026-02-14 21:15:14.549 | ERROR | src.supabase_client:_insert:28 | Supabase insert failed (watcher_signals): {'message': "Could not find the table 'public.watcher_signals' in the schema cache", 'code': 'PGRST205', 'hint': None, 'details': None}
2026-02-14 21:15:14.611 | ERROR | src.supabase_client:_insert:28 | Supabase insert failed (watcher_signals): {'message': "Could not find the table 'public.watcher_signals' in the schema cache", 'code': 'PGRST205', 'hint': None, 'details': None}
2026-02-14 21:15:14.731 | ERROR | src.supabase_client:_insert:28 | Supabase insert failed (watcher_signals): {'message': "Could not find the table 'public.watcher_signals' in the schema cache", 'code': 'PGRST205', 'hint': None, 'details': None}
2026-02-14 21:15:14.793 | ERROR | src.supabase_client:_insert:28 | Supabase insert failed (watcher_signals): {'message': "Could not find the table 'public.watcher_signals' in the schema cache", 'code': 'PGRST205', 'hint': None, 'details': None}
2026-02-14 21:15:14.860 | ERROR | src.supabase_client:_insert:28 | Supabase insert failed (watcher_signals): {'message': "Could not find the table 'public.watcher_signals' in the schema cache", 'code': 'PGRST205', 'hint': None, 'details': None}
2026-02-14 21:15:14.936 | ERROR | src.supabase_client:_insert:28 | Supabase insert failed (watcher_signals): {'message': "Could not find the table 'public.watcher_signals' in the schema cache", 'code': 'PGRST205', 'hint': None, 'details': None}
2026-02-14 21:15:15.012 | ERROR | src.supabase_client:_insert:28 | Supabase insert failed (watcher_signals): {'message': "Could not find the table 'public.watcher_signals' in the schema cache", 'code': 'PGRST205', 'hint': None, 'details': None}
2026-02-14 21:15:15.070 | ERROR | src.supabase_client:_insert:28 | Supabase insert failed (watcher_signals): {'message': "Could not find the table 'public.watcher_signals' in the schema cache", 'code': 'PGRST205', 'hint': None, 'details': None}
2026-02-14 21:15:15.133 | ERROR | src.supabase_client:_insert:28 | Supabase insert failed (watcher_signals): {'message': "Could not find the table 'public.watcher_signals' in the schema cache", 'code': 'PGRST205', 'hint': None, 'details': None}
2026-02-14 21:15:15.229 | ERROR | src.supabase_client:_insert:28 | Supabase insert failed (watcher_signals): {'message': "Could not find the table 'public.watcher_signals' in the schema cache", 'code': 'PGRST205', 'hint': None, 'details': None}
2026-02-14 21:15:15.291 | ERROR | src.supabase_client:_insert:28 | Supabase insert failed (watcher_signals): {'message': "Could not find the table 'public.watcher_signals' in the schema cache", 'code': 'PGRST205', 'hint': None, 'details': None}
2026-02-14 21:15:15.367 | ERROR | src.supabase_client:_insert:28 | Supabase insert failed (watcher_signals): {'message': "Could not find the table 'public.watcher_signals' in the schema cache", 'code': 'PGRST205', 'hint': None, 'details': None}
2026-02-14 21:15:15.422 | ERROR | src.supabase_client:_insert:28 | Supabase insert failed (watcher_signals): {'message': "Could not find the table 'public.watcher_signals' in the schema cache", 'code': 'PGRST205', 'hint': None, 'details': None}
2026-02-14 21:15:15.532 | ERROR | src.supabase_client:_insert:28 | Supabase insert failed (watcher_signals): {'message': "Could not find the table 'public.watcher_signals' in the schema cache", 'code': 'PGRST205', 'hint': None, 'details': None}
2026-02-14 21:15:15.596 | ERROR | src.supabase_client:_insert:28 | Supabase insert failed (watcher_signals): {'message': "Could not find the table 'public.watcher_signals' in the schema cache", 'code': 'PGRST205', 'hint': None, 'details': None}
2026-02-14 21:15:15.695 | ERROR | src.supabase_client:_insert:28 | Supabase insert failed (watcher_signals): {'message': "Could not find the table 'public.watcher_signals' in the schema cache", 'code': 'PGRST205', 'hint': None, 'details': None}
2026-02-14 21:15:15.755 | ERROR | src.supabase_client:_insert:28 | Supabase insert failed (watcher_signals): {'message': "Could not find the table 'public.watcher_signals' in the schema cache", 'code': 'PGRST205', 'hint': None, 'details': None}
2026-02-14 21:15:15.814 | ERROR | src.supabase_client:_insert:28 | Supabase insert failed (watcher_signals): {'message': "Could not find the table 'public.watcher_signals' in the schema cache", 'code': 'PGRST205', 'hint': None, 'details': None}
2026-02-14 21:15:15.904 | ERROR | src.supabase_client:_insert:28 | Supabase insert failed (watcher_signals): {'message': "Could not find the table 'public.watcher_signals' in the schema cache", 'code': 'PGRST205', 'hint': None, 'details': None}
2026-02-14 21:15:16.665 | ERROR | src.supabase_client:_insert:28 | Supabase insert failed (analyzer_signals): {'message': "Could not find the table 'public.analyzer_signals' in the schema cache", 'code': 'PGRST205', 'hint': None, 'details': None}
2026-02-14 21:15:16.709 | ERROR | src.supabase_client:_insert:28 | Supabase insert failed (analyzer_signals): {'message': "Could not find the table 'public.analyzer_signals' in the schema cache", 'code': 'PGRST205', 'hint': None, 'details': None}
2026-02-14 21:15:16.768 | ERROR | src.supabase_client:_insert:28 | Supabase insert failed (analyzer_signals): {'message': "Could not find the table 'public.analyzer_signals' in the schema cache", 'code': 'PGRST205', 'hint': None, 'details': None}
2026-02-14 21:15:16.814 | ERROR | src.supabase_client:_insert:28 | Supabase insert failed (analyzer_signals): {'message': "Could not find the table 'public.analyzer_signals' in the schema cache", 'code': 'PGRST205', 'hint': None, 'details': None}
2026-02-14 21:15:16.872 | ERROR | src.supabase_client:_insert:28 | Supabase insert failed (analyzer_signals): {'message': "Could not find the table 'public.analyzer_signals' in the schema cache", 'code': 'PGRST205', 'hint': None, 'details': None}
2026-02-14 21:15:16.942 | ERROR | src.supabase_client:_insert:28 | Supabase insert failed (analyzer_signals): {'message': "Could not find the table 'public.analyzer_signals' in the schema cache", 'code': 'PGRST205', 'hint': None, 'details': None}
2026-02-14 21:15:17.001 | ERROR | src.supabase_client:_insert:28 | Supabase insert failed (analyzer_signals): {'message': "Could not find the table 'public.analyzer_signals' in the schema cache", 'code': 'PGRST205', 'hint': None, 'details': None}
2026-02-14 21:15:17.065 | ERROR | src.supabase_client:_insert:28 | Supabase insert failed (analyzer_signals): {'message': "Could not find the table 'public.analyzer_signals' in the schema cache", 'code': 'PGRST205', 'hint': None, 'details': None}
2026-02-14 21:15:17.116 | ERROR | src.supabase_client:_insert:28 | Supabase insert failed (analyzer_signals): {'message': "Could not find the table 'public.analyzer_signals' in the schema cache", 'code': 'PGRST205', 'hint': None, 'details': None}
2026-02-14 21:15:17.176 | ERROR | src.supabase_client:_insert:28 | Supabase insert failed (analyzer_signals): {'message': "Could not find the table 'public.analyzer_signals' in the schema cache", 'code': 'PGRST205', 'hint': None, 'details': None}
2026-02-14 21:15:20.089 | ERROR | src.supabase_client:_insert:28 | Supabase insert failed (context_analysis): {'message': "Could not find the table 'public.context_analysis' in the schema cache", 'code': 'PGRST205', 'hint': None, 'details': None}
2026-02-14 21:15:26.352 | ERROR | src.supabase_client:_insert:28 | Supabase insert failed (context_analysis): {'message': "Could not find the table 'public.context_analysis' in the schema cache", 'code': 'PGRST205', 'hint': None, 'details': None}
2026-02-14 21:15:26.901 | ERROR | src.supabase_client:_insert:28 | Supabase insert failed (decisions): {'message': "Could not find the table 'public.decisions' in the schema cache", 'code': 'PGRST205', 'hint': None, 'details': None}
2026-02-14 21:15:26.990 | ERROR | src.supabase_client:_insert:28 | Supabase insert failed (decisions): {'message': "Could not find the table 'public.decisions' in the schema cache", 'code': 'PGRST205', 'hint': None, 'details': None}
2026-02-14 21:15:27.041 | ERROR | src.supabase_client:_insert:28 | Supabase insert failed (decisions): {'message': "Could not find the table 'public.decisions' in the schema cache", 'code': 'PGRST205', 'hint': None, 'details': None}
2026-02-14 21:15:27.096 | ERROR | src.supabase_client:_insert:28 | Supabase insert failed (decisions): {'message': "Could not find the table 'public.decisions' in the schema cache", 'code': 'PGRST205', 'hint': None, 'details': None}
2026-02-14 21:15:39.478 | ERROR | src.supabase_client:_query:57 | Supabase query failed (trades): {'message': "Could not find the table 'public.trades' in the schema cache", 'code': 'PGRST205', 'hint': None, 'details': None}
2026-02-14 21:15:39.509 | ERROR | src.supabase_client:_query:57 | Supabase query failed (performance_metrics): {'message': "Could not find the table 'public.performance_metrics' in the schema cache", 'code': 'PGRST205', 'hint': None, 'details': None}
2026-02-14 21:56:13.557 | ERROR | src.supabase_client:_insert:28 | Supabase insert failed (watcher_signals): {'message': "Could not find the 'exchange' column of 'watcher_signals' in the schema cache", 'code': 'PGRST204', 'hint': None, 'details': None}
2026-02-14 21:56:13.665 | ERROR | src.supabase_client:_insert:28 | Supabase insert failed (watcher_signals): {'message': "Could not find the 'exchange' column of 'watcher_signals' in the schema cache", 'code': 'PGRST204', 'hint': None, 'details': None}
2026-02-14 21:56:13.773 | ERROR | src.supabase_client:_insert:28 | Supabase insert failed (watcher_signals): {'message': "Could not find the 'exchange' column of 'watcher_signals' in the schema cache", 'code': 'PGRST204', 'hint': None, 'details': None}
2026-02-14 21:56:13.851 | ERROR | src.supabase_client:_insert:28 | Supabase insert failed (watcher_signals): {'message': "Could not find the 'exchange' column of 'watcher_signals' in the schema cache", 'code': 'PGRST204', 'hint': None, 'details': None}
2026-02-14 21:56:13.948 | ERROR | src.supabase_client:_insert:28 | Supabase insert failed (watcher_signals): {'message': "Could not find the 'exchange' column of 'watcher_signals' in the schema cache", 'code': 'PGRST204', 'hint': None, 'details': None}
2026-02-14 21:56:14.019 | ERROR | src.supabase_client:_insert:28 | Supabase insert failed (watcher_signals): {'message': "Could not find the 'exchange' column of 'watcher_signals' in the schema cache", 'code': 'PGRST204', 'hint': None, 'details': None}
2026-02-14 21:56:14.072 | ERROR | src.supabase_client:_insert:28 | Supabase insert failed (watcher_signals): {'message': "Could not find the 'exchange' column of 'watcher_signals' in the schema cache", 'code': 'PGRST204', 'hint': None, 'details': None}
2026-02-14 21:56:14.253 | ERROR | src.supabase_client:_insert:28 | Supabase insert failed (watcher_signals): {'message': "Could not find the 'exchange' column of 'watcher_signals' in the schema cache", 'code': 'PGRST204', 'hint': None, 'details': None}
2026-02-14 21:56:14.312 | ERROR | src.supabase_client:_insert:28 | Supabase insert failed (watcher_signals): {'message': "Could not find the 'exchange' column of 'watcher_signals' in the schema cache", 'code': 'PGRST204', 'hint': None, 'details': None}
2026-02-14 21:56:14.384 | ERROR | src.supabase_client:_insert:28 | Supabase insert failed (watcher_signals): {'message': "Could not find the 'exchange' column of 'watcher_signals' in the schema cache", 'code': 'PGRST204', 'hint': None, 'details': None}
2026-02-14 21:56:14.450 | ERROR | src.supabase_client:_insert:28 | Supabase insert failed (watcher_signals): {'message': "Could not find the 'exchange' column of 'watcher_signals' in the schema cache", 'code': 'PGRST204', 'hint': None, 'details': None}
2026-02-14 21:56:14.536 | ERROR | src.supabase_client:_insert:28 | Supabase insert failed (watcher_signals): {'message': "Could not find the 'exchange' column of 'watcher_signals' in the schema cache", 'code': 'PGRST204', 'hint': None, 'details': None}
2026-02-14 21:56:14.624 | ERROR | src.supabase_client:_insert:28 | Supabase insert failed (watcher_signals): {'message': "Could not find the 'exchange' column of 'watcher_signals' in the schema cache", 'code': 'PGRST204', 'hint': None, 'details': None}
2026-02-14 21:56:14.710 | ERROR | src.supabase_client:_insert:28 | Supabase insert failed (watcher_signals): {'message': "Could not find the 'exchange' column of 'watcher_signals' in the schema cache", 'code': 'PGRST204', 'hint': None, 'details': None}
2026-02-14 21:56:14.852 | ERROR | src.supabase_client:_insert:28 | Supabase insert failed (watcher_signals): {'message': "Could not find the 'exchange' column of 'watcher_signals' in the schema cache", 'code': 'PGRST204', 'hint': None, 'details': None}
2026-02-14 21:56:14.916 | ERROR | src.supabase_client:_insert:28 | Supabase insert failed (watcher_signals): {'message': "Could not find the 'exchange' column of 'watcher_signals' in the schema cache", 'code': 'PGRST204', 'hint': None, 'details': None}
2026-02-14 21:56:14.998 | ERROR | src.supabase_client:_insert:28 | Supabase insert failed (watcher_signals): {'message': "Could not find the 'exchange' column of 'watcher_signals' in the schema cache", 'code': 'PGRST204', 'hint': None, 'details': None}
2026-02-14 21:56:15.111 | ERROR | src.supabase_client:_insert:28 | Supabase insert failed (watcher_signals): {'message': "Could not find the 'exchange' column of 'watcher_signals' in the schema cache", 'code': 'PGRST204', 'hint': None, 'details': None}
2026-02-14 21:56:15.168 | ERROR | src.supabase_client:_insert:28 | Supabase insert failed (watcher_signals): {'message': "Could not find the 'exchange' column of 'watcher_signals' in the schema cache", 'code': 'PGRST204', 'hint': None, 'details': None}
2026-02-14 21:56:15.226 | ERROR | src.supabase_client:_insert:28 | Supabase insert failed (watcher_signals): {'message': "Could not find the 'exchange' column of 'watcher_signals' in the schema cache", 'code': 'PGRST204', 'hint': None, 'details': None}
