
> mission-control@0.1.0 dev
> next dev

⚠ Warning: Next.js inferred your workspace root, but it may not be correct.
 We detected multiple lockfiles and selected the directory of /Volumes/AaryaSDD2TB/vishnuvardhanmedara-mac/MoonshotV3-TinyClawFramework/official-tinyclaw-framework/package-lock.json as the root directory.
 To silence this warning, set `turbopack.root` in your Next.js config, or consider removing one of the lockfiles if it's not needed.
   See https://nextjs.org/docs/app/api-reference/config/next-config-js/turbopack#root-directory for more information.
 Detected additional lockfiles: 
   * /Volumes/AaryaSDD2TB/vishnuvardhanmedara-mac/MoonshotV3-TinyClawFramework/official-tinyclaw-framework/tinyoffice/package-lock.json

▲ Next.js 16.1.6 (Turbopack)
- Local:         http://localhost:3000
- Network:       http://192.168.2.167:3000

✓ Starting...
✓ Ready in 19.4s
○ Compiling /chat/agent/[id] ...
 GET /logs 200 in 12.5s (compile: 12.3s, render: 227ms)
 GET /chat/agent/bigbrother 200 in 21.1s (compile: 20.8s, render: 316ms)
 GET /chat/agent/bigbrother 200 in 191ms (compile: 46ms, render: 145ms)
 GET /chat/agent/watcher 200 in 102ms (compile: 58ms, render: 44ms)
 GET /chat/agent/analyzer 200 in 21ms (compile: 3ms, render: 18ms)
 GET /chat/agent/watcher 200 in 15ms (compile: 1800µs, render: 13ms)
 GET /chat/agent/watcher 200 in 11ms (compile: 2ms, render: 9ms)
 GET /chat/agent/bigbrother 200 in 13ms (compile: 2ms, render: 11ms)
 GET /office 200 in 2.2s (compile: 2.2s, render: 34ms)
 GET / 200 in 1056ms (compile: 1035ms, render: 21ms)
 GET /settings 200 in 769ms (compile: 752ms, render: 16ms)
 GET /chat/agent/bigbrother 200 in 880ms (compile: 567ms, render: 314ms)
 GET /chat/agent/bigbrother 200 in 227ms (compile: 63ms, render: 164ms)
 GET /chat/agent/watcher 200 in 340ms (compile: 110ms, render: 230ms)
 GET /chat/agent/analyzer 200 in 11ms (compile: 1512µs, render: 10ms)
 GET /chat/agent/watcher 200 in 10ms (compile: 1573µs, render: 8ms)
 GET /chat/agent/watcher 200 in 10ms (compile: 1489µs, render: 9ms)
 GET /chat/agent/bigbrother 200 in 10ms (compile: 1346µs, render: 8ms)
 GET /chat/agent/watcher 200 in 10ms (compile: 1578µs, render: 8ms)
 GET /chat/agent/analyzer 200 in 10ms (compile: 1620µs, render: 8ms)
 GET / 200 in 179ms (compile: 79ms, render: 100ms)
 GET /settings 200 in 200ms (compile: 49ms, render: 151ms)
 GET / 200 in 121ms (compile: 56ms, render: 66ms)
 GET /chat/agent/bigbrother 200 in 300ms (compile: 59ms, render: 241ms)
 GET /chat/agent/bigbrother 200 in 50ms (compile: 1406µs, render: 48ms)
 GET / 200 in 185ms (compile: 87ms, render: 98ms)
 GET /office 200 in 84ms (compile: 47ms, render: 36ms)
 GET /office 200 in 339ms (compile: 61ms, render: 278ms)
 GET / 200 in 125ms (compile: 52ms, render: 73ms)
 GET /office 200 in 29ms (compile: 6ms, render: 24ms)
 GET /tasks 200 in 2.4s (compile: 2.4s, render: 46ms)
 GET /tasks 200 in 29ms (compile: 1164µs, render: 28ms)
 GET /tasks 200 in 20ms (compile: 1267µs, render: 19ms)
 GET /tasks 200 in 13ms (compile: 3ms, render: 10ms)
 GET /logs 200 in 79ms (compile: 48ms, render: 31ms)
 GET / 200 in 100ms (compile: 60ms, render: 40ms)
 GET / 200 in 87ms (compile: 2ms, render: 85ms)
 GET /chat/agent/bigbrother 200 in 95ms (compile: 60ms, render: 34ms)
 GET /chat/agent/watcher 200 in 9ms (compile: 2ms, render: 7ms)
 GET /chat/agent/analyzer 200 in 8ms (compile: 926µs, render: 7ms)
 GET /chat/agent/watcher 200 in 7ms (compile: 878µs, render: 6ms)
 GET /chat/agent/bigbrother 200 in 9ms (compile: 1287µs, render: 8ms)
✓ Compiled in 1011ms
 GET /chat/agent/bigbrother 200 in 3.5s (compile: 556ms, render: 3.0s)
 GET /teams 200 in 2.0s (compile: 1949ms, render: 51ms)
 GET /teams 200 in 9ms (compile: 1746µs, render: 7ms)
 GET /tasks 200 in 871ms (compile: 786ms, render: 85ms)
 GET /office 200 in 538ms (compile: 482ms, render: 55ms)
 GET /tasks 200 in 153ms (compile: 73ms, render: 80ms)
 GET / 200 in 509ms (compile: 466ms, render: 43ms)
 GET /tasks 200 in 547ms (compile: 69ms, render: 478ms)
 GET / 200 in 149ms (compile: 50ms, render: 100ms)
 GET / 200 in 328ms (compile: 2ms, render: 326ms)
 GET /chat/agent/bigbrother 200 in 342ms (compile: 109ms, render: 234ms)
 GET /office 200 in 232ms (compile: 125ms, render: 107ms)
 GET /chat/agent/bigbrother 200 in 74ms (compile: 33ms, render: 40ms)
 GET /chat/agent/watcher 200 in 9ms (compile: 1403µs, render: 8ms)
 GET /chat/agent/analyzer 200 in 10ms (compile: 1443µs, render: 8ms)
 GET /chat/agent/bigbrother 200 in 18ms (compile: 7ms, render: 10ms)
 GET /chat/agent/watcher 200 in 9ms (compile: 2ms, render: 7ms)
 GET /chat/agent/analyzer 200 in 24ms (compile: 7ms, render: 17ms)
 GET /chat/agent/watcher 200 in 20ms (compile: 3ms, render: 17ms)
 GET /chat/agent/bigbrother 200 in 11ms (compile: 1963µs, render: 9ms)
 GET /chat/agent/bigbrother 200 in 499ms (compile: 162ms, render: 337ms)
 GET / 200 in 379ms (compile: 227ms, render: 152ms)
 GET /chat/agent/watcher 200 in 51ms (compile: 37ms, render: 14ms)
 GET /chat/agent/watcher 200 in 32ms (compile: 1358µs, render: 30ms)
 GET /office 200 in 372ms (compile: 325ms, render: 47ms)
 GET /office 200 in 259ms (compile: 87ms, render: 173ms)
 GET /office 200 in 260ms (compile: 102ms, render: 158ms)
 GET /office 200 in 138ms (compile: 66ms, render: 72ms)
 GET /office 200 in 156ms (compile: 75ms, render: 81ms)
 GET /chat/agent/bigbrother 200 in 150ms (compile: 82ms, render: 69ms)
 GET / 200 in 157ms (compile: 60ms, render: 97ms)
○ Compiling /console ...
 GET /console 200 in 4.7s (compile: 4.6s, render: 22ms)
 GET /office 200 in 859ms (compile: 385ms, render: 474ms)
 GET /office 200 in 317ms (compile: 110ms, render: 207ms)
 GET /office 200 in 323ms (compile: 110ms, render: 213ms)
 GET /office 200 in 1252ms (compile: 1042ms, render: 210ms)
○ Compiling /_not-found/page ...
 GET /api/agents 404 in 3.7s (compile: 3.6s, render: 81ms)
 GET /api/status 404 in 58ms (compile: 10ms, render: 48ms)
 GET /api/agents 404 in 180ms (compile: 82ms, render: 97ms)
 GET /api/agents 404 in 192ms (compile: 100ms, render: 92ms)
 GET /api/teams 404 in 25ms (compile: 1844µs, render: 23ms)
 GET /office 200 in 1156ms (compile: 910ms, render: 246ms)
○ Compiling /chat/team/[id] ...
 GET /chat/team/moonshot 200 in 14.1s (compile: 14.1s, render: 39ms)
 GET /chat/team/moonshot 200 in 27ms (compile: 4ms, render: 23ms)
 GET /chat/team/moonshot 200 in 15ms (compile: 1395µs, render: 13ms)
 GET /chat/team/moonshot 200 in 22ms (compile: 2ms, render: 20ms)
 GET /chat/team/moonshot 200 in 41ms (compile: 1302µs, render: 39ms)
 GET /chat/team/moonshot 200 in 30ms (compile: 1680µs, render: 29ms)
 GET /chat/team/moonshot 200 in 10ms (compile: 1724µs, render: 8ms)
✓ Finished filesystem cache database compaction in 18.7s
✓ Finished writing to filesystem cache in 12.9s
 GET / 200 in 543ms (compile: 412ms, render: 131ms)
 GET /chat/team/moonshot 200 in 506ms (compile: 40ms, render: 466ms)
 GET /office 200 in 129ms (compile: 105ms, render: 24ms)
 GET /tasks 200 in 164ms (compile: 96ms, render: 68ms)
 GET /logs 200 in 216ms (compile: 189ms, render: 28ms)
 GET /chat/team/moonshot 200 in 134ms (compile: 122ms, render: 12ms)
 GET /settings 200 in 311ms (compile: 236ms, render: 75ms)
 GET /tasks 200 in 390ms (compile: 102ms, render: 288ms)
 GET /office 200 in 528ms (compile: 193ms, render: 334ms)
 GET /chat/agent/bayesian 200 in 222ms (compile: 100ms, render: 122ms)
 GET /office 200 in 282ms (compile: 153ms, render: 129ms)
 GET /office 200 in 576ms (compile: 420ms, render: 155ms)
 GET /chat/agent/bayesian 200 in 74ms (compile: 45ms, render: 29ms)
 GET /chat/team/moonshot 200 in 79ms (compile: 49ms, render: 30ms)
 GET /api/agents 404 in 261ms (compile: 180ms, render: 81ms)
 GET /chat/team/moonshot 200 in 180ms (compile: 128ms, render: 52ms)
 GET / 200 in 113ms (compile: 74ms, render: 39ms)
 GET /chat/team/moonshot 200 in 34ms (compile: 6ms, render: 28ms)
 GET /chat/agent/bigbrother 200 in 372ms (compile: 169ms, render: 203ms)
 GET /chat/agent/watcher 200 in 12ms (compile: 1102µs, render: 11ms)
 GET /chat/agent/analyzer 200 in 19ms (compile: 3ms, render: 16ms)
 GET / 200 in 105ms (compile: 82ms, render: 23ms)
 GET /chat/agent/analyzer 200 in 60ms (compile: 6ms, render: 54ms)
 GET / 200 in 22ms (compile: 3ms, render: 18ms)
 GET /chat/agent/analyzer 200 in 108ms (compile: 57ms, render: 52ms)
 GET /office 200 in 112ms (compile: 65ms, render: 48ms)
 GET /office 200 in 15ms (compile: 3ms, render: 12ms)
 GET / 200 in 216ms (compile: 108ms, render: 108ms)
 GET / 200 in 214ms (compile: 118ms, render: 96ms)
 GET / 200 in 263ms (compile: 139ms, render: 124ms)
 GET / 200 in 178ms (compile: 101ms, render: 77ms)
 GET /chat/agent/bigbrother 200 in 222ms (compile: 138ms, render: 84ms)
 GET /logs 200 in 436ms (compile: 107ms, render: 329ms)
 GET / 200 in 150ms (compile: 93ms, render: 57ms)
 GET /logs 200 in 185ms (compile: 84ms, render: 101ms)
 GET / 200 in 174ms (compile: 102ms, render: 73ms)
⚠ Fast Refresh had to perform a full reload due to a runtime error.
⚠ Fast Refresh had to perform a full reload due to a runtime error.
⚠ Fast Refresh had to perform a full reload due to a runtime error.
✓ Compiled in 3s
 GET / 200 in 1748ms (compile: 1086ms, render: 662ms)
 GET / 200 in 85ms (compile: 1081µs, render: 84ms)
 GET / 200 in 59ms (compile: 2ms, render: 57ms)
⚠ Found a change in next.config.ts. Restarting the server to apply the changes...
▲ Next.js 16.1.6 (Turbopack)
- Local:         http://localhost:3000
- Network:       http://192.168.2.167:3000

✓ Starting...
[Error: Failed to open database

Caused by:
    0: Loading persistence directory failed
    1: invalid digit found in string] {
  code: 'GenericFailure'
}
[?25h
