
> mission-control@0.1.0 dev
> next dev -p 4001

▲ Next.js 16.1.6 (Turbopack)
- Local:         http://localhost:4001
- Network:       http://192.168.2.167:4001

✓ Starting...
✓ Ready in 668ms
 GET / 200 in 1860ms (compile: 1745ms, render: 115ms)
 GET /office 200 in 469ms (compile: 380ms, render: 89ms)
 GET /chat/team/apex-swarm 200 in 587ms (compile: 570ms, render: 16ms)
 GET /office 200 in 11ms (compile: 3ms, render: 7ms)
 GET /office 200 in 103ms (compile: 8ms, render: 96ms)
 GET /office 200 in 193ms (compile: 13ms, render: 180ms)
 GET /office 200 in 74ms (compile: 7ms, render: 67ms)
 GET /office 200 in 168ms (compile: 29ms, render: 139ms)
 GET /office 200 in 191ms (compile: 31ms, render: 160ms)
 GET /office 200 in 98ms (compile: 10ms, render: 87ms)
 GET /office 200 in 93ms (compile: 8ms, render: 85ms)
 GET /office 200 in 163ms (compile: 16ms, render: 147ms)
 GET /office 200 in 110ms (compile: 18ms, render: 93ms)
 GET / 200 in 65ms (compile: 23ms, render: 42ms)
 GET / 200 in 77ms (compile: 9ms, render: 67ms)
 GET /chat/team/apex-swarm 200 in 25ms (compile: 6ms, render: 19ms)
 GET /office 200 in 273ms (compile: 122ms, render: 151ms)
 GET /office 200 in 201ms (compile: 43ms, render: 158ms)
 GET /office 200 in 377ms (compile: 52ms, render: 325ms)
 GET /office 200 in 151ms (compile: 62ms, render: 89ms)
 GET /chat/team/apex-swarm 200 in 53ms (compile: 26ms, render: 27ms)
 GET /office 200 in 29ms (compile: 5ms, render: 24ms)
 GET /chat/agent/bigbrother 200 in 1157ms (compile: 1140ms, render: 18ms)
 GET / 200 in 37ms (compile: 11ms, render: 26ms)
 GET /office 200 in 33ms (compile: 7ms, render: 26ms)
 GET /office 200 in 51ms (compile: 6ms, render: 45ms)
 GET /office 200 in 58ms (compile: 12ms, render: 46ms)
 GET /chat/agent/bigbrother 200 in 33ms (compile: 12ms, render: 22ms)
 GET /chat/team/apex-swarm 200 in 45ms (compile: 18ms, render: 27ms)
